build/outputs/logs/manifest-merger-debug-report.txt
-- Merging decision tree log ---
manifest
ADDED from workspace\Loto7Sense\AndroidManifest.xml:2:1-51:12
	package
		ADDED from workspace\Loto7Sense\AndroidManifest.xml:3:7-35
	android:versionName
		ADDED from workspace\Loto7Sense\AndroidManifest.xml:5:7-32
		INJECTED from workspace\Loto7Sense\AndroidManifest.xml
		INJECTED from workspace\Loto7Sense\AndroidManifest.xml
	android:versionCode
		ADDED from workspace\Loto7Sense\AndroidManifest.xml:4:7-30
		INJECTED from workspace\Loto7Sense\AndroidManifest.xml
		INJECTED from workspace\Loto7Sense\AndroidManifest.xml
	xmlns:android
		ADDED from workspace\Loto7Sense\AndroidManifest.xml:2:11-69
uses-sdk
ADDED from workspace\Loto7Sense\AndroidManifest.xml:7:5-9:41
MERGED from [com.google.android.gms:play-services-appindexing:8.4.0] AndroidManifest.xml:18:5-42
MERGED from [com.google.android.gms:play-services-base:8.4.0] AndroidManifest.xml:18:5-42
MERGED from [com.google.android.gms:play-services-basement:8.4.0] AndroidManifest.xml:18:5-42
MERGED from [com.android.support:support-v4:23.0.0] AndroidManifest.xml:20:5-43
	android:targetSdkVersion
		ADDED from workspace\Loto7Sense\AndroidManifest.xml:9:9-38
	android:minSdkVersion
		ADDED from workspace\Loto7Sense\AndroidManifest.xml:8:9-35
		INJECTED from workspace\Loto7Sense\AndroidManifest.xml
		INJECTED from workspace\Loto7Sense\AndroidManifest.xml
application
ADDED from workspace\Loto7Sense\AndroidManifest.xml:11:5-42:19
MERGED from [com.google.android.gms:play-services-appindexing:8.4.0] AndroidManifest.xml:19:5-20
MERGED from [com.google.android.gms:play-services-basement:8.4.0] AndroidManifest.xml:20:5-24:19
MERGED from [com.android.support:support-v4:23.0.0] AndroidManifest.xml:22:5-20
	android:label
		ADDED from workspace\Loto7Sense\AndroidManifest.xml:13:9-41
	android:supportsRtl
		ADDED from workspace\Loto7Sense\AndroidManifest.xml:14:78-105
	android:icon
		ADDED from workspace\Loto7Sense\AndroidManifest.xml:12:9-38
	android:largeHeap
		ADDED from workspace\Loto7Sense\AndroidManifest.xml:14:52-77
	android:theme
		ADDED from workspace\Loto7Sense\AndroidManifest.xml:14:9-51
activity#com.apl.Loto7Sense.Loto7Sense
ADDED from workspace\Loto7Sense\AndroidManifest.xml:17:9-26:20
	android:label
		ADDED from workspace\Loto7Sense\AndroidManifest.xml:18:19-51
	android:configChanges
		ADDED from workspace\Loto7Sense\AndroidManifest.xml:19:19-69
	android:name
		ADDED from workspace\Loto7Sense\AndroidManifest.xml:17:19-63
intent-filter#android.intent.action.MAIN+android.intent.category.LAUNCHER
ADDED from workspace\Loto7Sense\AndroidManifest.xml:20:13-25:29
action#android.intent.action.MAIN
ADDED from workspace\Loto7Sense\AndroidManifest.xml:22:17-69
	android:name
		ADDED from workspace\Loto7Sense\AndroidManifest.xml:22:25-66
category#android.intent.category.LAUNCHER
ADDED from workspace\Loto7Sense\AndroidManifest.xml:24:17-77
	android:name
		ADDED from workspace\Loto7Sense\AndroidManifest.xml:24:27-74
activity#com.apl.Loto7Sense.LotoOptHold
ADDED from workspace\Loto7Sense\AndroidManifest.xml:29:9-76
	android:name
		ADDED from workspace\Loto7Sense\AndroidManifest.xml:29:19-64
activity#com.apl.Loto7Sense.LotoSetting
ADDED from workspace\Loto7Sense\AndroidManifest.xml:32:9-76
	android:name
		ADDED from workspace\Loto7Sense\AndroidManifest.xml:32:19-64
activity#com.apl.Loto7Sense.LotoSelected
ADDED from workspace\Loto7Sense\AndroidManifest.xml:36:9-77
	android:name
		ADDED from workspace\Loto7Sense\AndroidManifest.xml:36:19-65
meta-data#com.google.android.gms.version
ADDED from workspace\Loto7Sense\AndroidManifest.xml:38:9-40:69
MERGED from [com.google.android.gms:play-services-basement:8.4.0] AndroidManifest.xml:21:9-23:69
	android:value
		ADDED from workspace\Loto7Sense\AndroidManifest.xml:40:13-66
	android:name
		ADDED from workspace\Loto7Sense\AndroidManifest.xml:39:13-58
uses-permission#android.permission.INTERNET
ADDED from workspace\Loto7Sense\AndroidManifest.xml:44:2-80
	android:name
		ADDED from workspace\Loto7Sense\AndroidManifest.xml:44:19-61
uses-permission#com.sony.smallapp.permission.SMALLAPP
ADDED from workspace\Loto7Sense\AndroidManifest.xml:46:5-77
	android:name
		ADDED from workspace\Loto7Sense\AndroidManifest.xml:46:22-74
uses-library#com.sony.smallapp.framework
ADDED from workspace\Loto7Sense\AndroidManifest.xml:47:5-64
	android:name
		ADDED from workspace\Loto7Sense\AndroidManifest.xml:47:19-61
service#com.apl.Loto7Sense.SampleSmallApp
ADDED from workspace\Loto7Sense\AndroidManifest.xml:48:5-69
	android:exported
		ADDED from workspace\Loto7Sense\AndroidManifest.xml:48:44-67
	android:name
		ADDED from workspace\Loto7Sense\AndroidManifest.xml:48:14-43